f:\user\documents\visual studio 2015\projects\streamdrivert\streamdrivert\debug\streamdivert.pch
f:\user\documents\visual studio 2015\projects\streamdrivert\streamdrivert\debug\vc140.pdb
f:\user\documents\visual studio 2015\projects\streamdrivert\streamdrivert\debug\vc140.idb
f:\user\documents\visual studio 2015\projects\streamdrivert\streamdrivert\debug\stdafx.obj
f:\user\documents\visual studio 2015\projects\streamdrivert\streamdrivert\debug\streamdrivert.obj
f:\user\documents\visual studio 2015\projects\streamdrivert\debug\streamdivert.ilk
f:\user\documents\visual studio 2015\projects\streamdrivert\debug\streamdivert.exe
f:\user\documents\visual studio 2015\projects\streamdrivert\debug\streamdivert.pdb
f:\user\documents\visual studio 2015\projects\streamdrivert\streamdrivert\debug\streamdrivert.res
f:\user\dropbox\projects\desktop\streamdrivert\streamdrivert\debug\stdafx.obj
f:\user\dropbox\projects\desktop\streamdrivert\streamdrivert\debug\streamdrivert.obj
f:\user\dropbox\projects\desktop\streamdrivert\streamdrivert\debug\streamdrivert.res
f:\user\dropbox\projects\desktop\streamdrivert\streamdrivert\debug\streamdivert.pch
f:\user\dropbox\projects\desktop\streamdrivert\streamdrivert\debug\vc140.idb
f:\user\dropbox\projects\desktop\streamdrivert\streamdrivert\debug\vc140.pdb
f:\user\dropbox\projects\desktop\streamdrivert\debug\streamdivert.pdb
f:\user\dropbox\projects\desktop\streamdrivert\debug\streamdivert.exe
f:\user\dropbox\projects\desktop\streamdrivert\debug\streamdivert.ilk
f:\user\dropbox\projects\desktop\streamdrivert\streamdrivert\debug\streamdivert.tlog\cl.command.1.tlog
f:\user\dropbox\projects\desktop\streamdrivert\streamdrivert\debug\streamdivert.tlog\cl.read.1.tlog
f:\user\dropbox\projects\desktop\streamdrivert\streamdrivert\debug\streamdivert.tlog\cl.write.1.tlog
f:\user\dropbox\projects\desktop\streamdrivert\streamdrivert\debug\streamdivert.tlog\link.command.1.tlog
f:\user\dropbox\projects\desktop\streamdrivert\streamdrivert\debug\streamdivert.tlog\link.read.1.tlog
f:\user\dropbox\projects\desktop\streamdrivert\streamdrivert\debug\streamdivert.tlog\link.write.1.tlog
f:\user\dropbox\projects\desktop\streamdrivert\streamdrivert\debug\streamdivert.tlog\rc.command.1.tlog
f:\user\dropbox\projects\desktop\streamdrivert\streamdrivert\debug\streamdivert.tlog\rc.read.1.tlog
f:\user\dropbox\projects\desktop\streamdrivert\streamdrivert\debug\streamdivert.tlog\rc.write.1.tlog
