f:\user\dropbox\projects\desktop\streamdrivert\streamdrivert\x64\debug\streamdivert.pch
f:\user\dropbox\projects\desktop\streamdrivert\streamdrivert\x64\debug\vc140.pdb
f:\user\dropbox\projects\desktop\streamdrivert\streamdrivert\x64\debug\vc140.idb
f:\user\dropbox\projects\desktop\streamdrivert\streamdrivert\x64\debug\stdafx.obj
f:\user\dropbox\projects\desktop\streamdrivert\streamdrivert\x64\debug\divertproxy.obj
f:\user\dropbox\projects\desktop\streamdrivert\streamdrivert\x64\debug\streamdrivert.obj
f:\user\dropbox\projects\desktop\streamdrivert\streamdrivert\x64\debug\utils.obj
f:\user\dropbox\projects\desktop\streamdrivert\x64\debug\streamdivert.ilk
f:\user\dropbox\projects\desktop\streamdrivert\x64\debug\streamdivert.exe
f:\user\dropbox\projects\desktop\streamdrivert\x64\debug\streamdivert.pdb
f:\user\dropbox\projects\desktop\streamdrivert\streamdrivert\x64\debug\streamdrivert.res
f:\user\dropbox\projects\desktop\streamdrivert\streamdrivert\x64\debug\streamdivert.tlog\cl.command.1.tlog
f:\user\dropbox\projects\desktop\streamdrivert\streamdrivert\x64\debug\streamdivert.tlog\cl.read.1.tlog
f:\user\dropbox\projects\desktop\streamdrivert\streamdrivert\x64\debug\streamdivert.tlog\cl.write.1.tlog
f:\user\dropbox\projects\desktop\streamdrivert\streamdrivert\x64\debug\streamdivert.tlog\link.command.1.tlog
f:\user\dropbox\projects\desktop\streamdrivert\streamdrivert\x64\debug\streamdivert.tlog\link.read.1.tlog
f:\user\dropbox\projects\desktop\streamdrivert\streamdrivert\x64\debug\streamdivert.tlog\link.write.1.tlog
f:\user\dropbox\projects\desktop\streamdrivert\streamdrivert\x64\debug\streamdivert.tlog\rc.command.1.tlog
f:\user\dropbox\projects\desktop\streamdrivert\streamdrivert\x64\debug\streamdivert.tlog\rc.read.1.tlog
f:\user\dropbox\projects\desktop\streamdrivert\streamdrivert\x64\debug\streamdivert.tlog\rc.write.1.tlog
